1748844401.896162 client started (1735435): version 3.4, socket /tmp/tmux-1003/default, protocol 8
1748844401.896255 on Linux 6.8.0-59-generic #61-Ubuntu SMP PREEMPT_DYNAMIC Fri Apr 11 23:16:11 UTC 2025
1748844401.896263 using libevent 2.1.12-stable poll
1748844401.896269 using ncurses 6.4 20240113
1748844401.896330 flags are 0x10010000
1748844401.896359 socket is /tmp/tmux-1003/default
1748844401.896411 trying connect
1748844401.896632 add peer 0x62efaf168b60: 6 ((nil))
1748844401.897652 sending message 100 to peer 0x62efaf168b60 (4 bytes)
1748844401.897674 sending message 111 to peer 0x62efaf168b60 (8 bytes)
1748844401.897682 sending message 101 to peer 0x62efaf168b60 (15 bytes)
1748844401.897689 sending message 109 to peer 0x62efaf168b60 (4 bytes)
1748844401.897695 sending message 102 to peer 0x62efaf168b60 (11 bytes)
1748844401.897702 sending message 108 to peer 0x62efaf168b60 (30 bytes)
1748844401.897709 sending message 112 to peer 0x62efaf168b60 (58 bytes)
1748844401.897716 sending message 112 to peer 0x62efaf168b60 (5 bytes)
1748844401.897723 sending message 112 to peer 0x62efaf168b60 (5 bytes)
1748844401.897729 sending message 112 to peer 0x62efaf168b60 (6 bytes)
1748844401.897736 sending message 112 to peer 0x62efaf168b60 (6 bytes)
1748844401.897743 sending message 112 to peer 0x62efaf168b60 (11 bytes)
1748844401.897749 sending message 112 to peer 0x62efaf168b60 (10 bytes)
1748844401.897756 sending message 112 to peer 0x62efaf168b60 (13 bytes)
1748844401.897762 sending message 112 to peer 0x62efaf168b60 (14 bytes)
1748844401.897769 sending message 112 to peer 0x62efaf168b60 (19 bytes)
1748844401.897775 sending message 112 to peer 0x62efaf168b60 (11 bytes)
1748844401.897781 sending message 112 to peer 0x62efaf168b60 (10 bytes)
1748844401.897788 sending message 112 to peer 0x62efaf168b60 (15 bytes)
1748844401.897794 sending message 112 to peer 0x62efaf168b60 (21 bytes)
1748844401.897801 sending message 112 to peer 0x62efaf168b60 (13 bytes)
1748844401.897807 sending message 112 to peer 0x62efaf168b60 (7 bytes)
1748844401.897813 sending message 112 to peer 0x62efaf168b60 (13 bytes)
1748844401.897820 sending message 112 to peer 0x62efaf168b60 (7 bytes)
1748844401.897826 sending message 112 to peer 0x62efaf168b60 (13 bytes)
1748844401.897832 sending message 112 to peer 0x62efaf168b60 (9 bytes)
1748844401.897839 sending message 112 to peer 0x62efaf168b60 (21 bytes)
1748844401.897845 sending message 112 to peer 0x62efaf168b60 (13 bytes)
1748844401.897852 sending message 112 to peer 0x62efaf168b60 (9 bytes)
1748844401.897858 sending message 112 to peer 0x62efaf168b60 (16 bytes)
1748844401.897864 sending message 112 to peer 0x62efaf168b60 (13 bytes)
1748844401.897871 sending message 112 to peer 0x62efaf168b60 (9 bytes)
1748844401.897877 sending message 112 to peer 0x62efaf168b60 (9 bytes)
1748844401.897883 sending message 112 to peer 0x62efaf168b60 (12 bytes)
1748844401.897890 sending message 112 to peer 0x62efaf168b60 (8 bytes)
1748844401.897896 sending message 112 to peer 0x62efaf168b60 (8 bytes)
1748844401.897903 sending message 112 to peer 0x62efaf168b60 (13 bytes)
1748844401.897909 sending message 112 to peer 0x62efaf168b60 (7 bytes)
1748844401.897915 sending message 112 to peer 0x62efaf168b60 (7 bytes)
1748844401.897922 sending message 112 to peer 0x62efaf168b60 (9 bytes)
1748844401.897928 sending message 112 to peer 0x62efaf168b60 (9 bytes)
1748844401.897935 sending message 112 to peer 0x62efaf168b60 (15 bytes)
1748844401.897941 sending message 112 to peer 0x62efaf168b60 (13 bytes)
1748844401.897947 sending message 112 to peer 0x62efaf168b60 (12 bytes)
1748844401.897954 sending message 112 to peer 0x62efaf168b60 (8 bytes)
1748844401.897960 sending message 112 to peer 0x62efaf168b60 (14 bytes)
1748844401.897967 sending message 112 to peer 0x62efaf168b60 (11 bytes)
1748844401.897973 sending message 112 to peer 0x62efaf168b60 (9 bytes)
1748844401.897980 sending message 112 to peer 0x62efaf168b60 (10 bytes)
1748844401.897986 sending message 112 to peer 0x62efaf168b60 (10 bytes)
1748844401.897992 sending message 112 to peer 0x62efaf168b60 (10 bytes)
1748844401.898064 sending message 112 to peer 0x62efaf168b60 (10 bytes)
1748844401.898071 sending message 112 to peer 0x62efaf168b60 (11 bytes)
1748844401.898077 sending message 112 to peer 0x62efaf168b60 (12 bytes)
1748844401.898084 sending message 112 to peer 0x62efaf168b60 (12 bytes)
1748844401.898090 sending message 112 to peer 0x62efaf168b60 (12 bytes)
1748844401.898097 sending message 112 to peer 0x62efaf168b60 (12 bytes)
1748844401.898103 sending message 112 to peer 0x62efaf168b60 (12 bytes)
1748844401.898110 sending message 112 to peer 0x62efaf168b60 (11 bytes)
1748844401.898116 sending message 112 to peer 0x62efaf168b60 (11 bytes)
1748844401.898122 sending message 112 to peer 0x62efaf168b60 (12 bytes)
1748844401.898129 sending message 112 to peer 0x62efaf168b60 (12 bytes)
1748844401.898135 sending message 112 to peer 0x62efaf168b60 (12 bytes)
1748844401.898141 sending message 112 to peer 0x62efaf168b60 (12 bytes)
1748844401.898148 sending message 112 to peer 0x62efaf168b60 (12 bytes)
1748844401.898154 sending message 112 to peer 0x62efaf168b60 (9 bytes)
1748844401.898161 sending message 112 to peer 0x62efaf168b60 (12 bytes)
1748844401.898167 sending message 112 to peer 0x62efaf168b60 (13 bytes)
1748844401.898173 sending message 112 to peer 0x62efaf168b60 (13 bytes)
1748844401.898180 sending message 112 to peer 0x62efaf168b60 (13 bytes)
1748844401.898249 sending message 112 to peer 0x62efaf168b60 (13 bytes)
1748844401.898255 sending message 112 to peer 0x62efaf168b60 (13 bytes)
1748844401.898262 sending message 112 to peer 0x62efaf168b60 (8 bytes)
1748844401.898268 sending message 112 to peer 0x62efaf168b60 (11 bytes)
1748844401.898275 sending message 112 to peer 0x62efaf168b60 (11 bytes)
1748844401.898282 sending message 112 to peer 0x62efaf168b60 (11 bytes)
1748844401.898288 sending message 112 to peer 0x62efaf168b60 (12 bytes)
1748844401.898294 sending message 112 to peer 0x62efaf168b60 (12 bytes)
1748844401.898301 sending message 112 to peer 0x62efaf168b60 (12 bytes)
1748844401.898307 sending message 112 to peer 0x62efaf168b60 (12 bytes)
1748844401.898313 sending message 112 to peer 0x62efaf168b60 (13 bytes)
1748844401.898320 sending message 112 to peer 0x62efaf168b60 (13 bytes)
1748844401.898326 sending message 112 to peer 0x62efaf168b60 (13 bytes)
1748844401.898333 sending message 112 to peer 0x62efaf168b60 (8 bytes)
1748844401.898339 sending message 112 to peer 0x62efaf168b60 (13 bytes)
1748844401.898346 sending message 112 to peer 0x62efaf168b60 (13 bytes)
1748844401.898352 sending message 112 to peer 0x62efaf168b60 (13 bytes)
1748844401.898358 sending message 112 to peer 0x62efaf168b60 (13 bytes)
1748844401.898365 sending message 112 to peer 0x62efaf168b60 (13 bytes)
1748844401.898371 sending message 112 to peer 0x62efaf168b60 (12 bytes)
1748844401.898377 sending message 112 to peer 0x62efaf168b60 (12 bytes)
1748844401.898384 sending message 112 to peer 0x62efaf168b60 (12 bytes)
1748844401.898390 sending message 112 to peer 0x62efaf168b60 (12 bytes)
1748844401.898397 sending message 112 to peer 0x62efaf168b60 (13 bytes)
1748844401.898403 sending message 112 to peer 0x62efaf168b60 (8 bytes)
1748844401.898410 sending message 112 to peer 0x62efaf168b60 (13 bytes)
1748844401.898416 sending message 112 to peer 0x62efaf168b60 (13 bytes)
1748844401.898422 sending message 112 to peer 0x62efaf168b60 (13 bytes)
1748844401.898429 sending message 112 to peer 0x62efaf168b60 (13 bytes)
1748844401.898435 sending message 112 to peer 0x62efaf168b60 (13 bytes)
1748844401.898441 sending message 112 to peer 0x62efaf168b60 (13 bytes)
1748844401.898448 sending message 112 to peer 0x62efaf168b60 (13 bytes)
1748844401.898454 sending message 112 to peer 0x62efaf168b60 (12 bytes)
1748844401.898461 sending message 112 to peer 0x62efaf168b60 (12 bytes)
1748844401.898467 sending message 112 to peer 0x62efaf168b60 (12 bytes)
1748844401.898473 sending message 112 to peer 0x62efaf168b60 (8 bytes)
1748844401.898480 sending message 112 to peer 0x62efaf168b60 (12 bytes)
1748844401.898486 sending message 112 to peer 0x62efaf168b60 (13 bytes)
1748844401.898503 sending message 112 to peer 0x62efaf168b60 (13 bytes)
1748844401.898510 sending message 112 to peer 0x62efaf168b60 (13 bytes)
1748844401.898516 sending message 112 to peer 0x62efaf168b60 (13 bytes)
1748844401.898523 sending message 112 to peer 0x62efaf168b60 (13 bytes)
1748844401.898529 sending message 112 to peer 0x62efaf168b60 (13 bytes)
1748844401.898536 sending message 112 to peer 0x62efaf168b60 (13 bytes)
1748844401.898542 sending message 112 to peer 0x62efaf168b60 (13 bytes)
1748844401.898548 sending message 112 to peer 0x62efaf168b60 (12 bytes)
1748844401.898555 sending message 112 to peer 0x62efaf168b60 (10 bytes)
1748844401.898561 sending message 112 to peer 0x62efaf168b60 (12 bytes)
1748844401.898568 sending message 112 to peer 0x62efaf168b60 (12 bytes)
1748844401.898574 sending message 112 to peer 0x62efaf168b60 (12 bytes)
1748844401.898580 sending message 112 to peer 0x62efaf168b60 (13 bytes)
1748844401.898587 sending message 112 to peer 0x62efaf168b60 (13 bytes)
1748844401.898593 sending message 112 to peer 0x62efaf168b60 (13 bytes)
1748844401.898599 sending message 112 to peer 0x62efaf168b60 (13 bytes)
1748844401.898606 sending message 112 to peer 0x62efaf168b60 (13 bytes)
1748844401.898612 sending message 112 to peer 0x62efaf168b60 (13 bytes)
1748844401.898619 sending message 112 to peer 0x62efaf168b60 (13 bytes)
1748844401.898625 sending message 112 to peer 0x62efaf168b60 (10 bytes)
1748844401.898631 sending message 112 to peer 0x62efaf168b60 (13 bytes)
1748844401.898638 sending message 112 to peer 0x62efaf168b60 (12 bytes)
1748844401.898644 sending message 112 to peer 0x62efaf168b60 (12 bytes)
1748844401.898650 sending message 112 to peer 0x62efaf168b60 (12 bytes)
1748844401.898657 sending message 112 to peer 0x62efaf168b60 (10 bytes)
1748844401.898663 sending message 112 to peer 0x62efaf168b60 (10 bytes)
1748844401.898670 sending message 112 to peer 0x62efaf168b60 (10 bytes)
1748844401.898676 sending message 112 to peer 0x62efaf168b60 (12 bytes)
1748844401.898682 sending message 112 to peer 0x62efaf168b60 (13 bytes)
1748844401.898689 sending message 112 to peer 0x62efaf168b60 (13 bytes)
1748844401.898695 sending message 112 to peer 0x62efaf168b60 (13 bytes)
1748844401.898701 sending message 112 to peer 0x62efaf168b60 (13 bytes)
1748844401.898708 sending message 112 to peer 0x62efaf168b60 (13 bytes)
1748844401.898714 sending message 112 to peer 0x62efaf168b60 (10 bytes)
1748844401.898720 sending message 112 to peer 0x62efaf168b60 (11 bytes)
1748844401.898727 sending message 112 to peer 0x62efaf168b60 (12 bytes)
1748844401.898733 sending message 112 to peer 0x62efaf168b60 (12 bytes)
1748844401.898740 sending message 112 to peer 0x62efaf168b60 (12 bytes)
1748844401.898746 sending message 112 to peer 0x62efaf168b60 (12 bytes)
1748844401.898752 sending message 112 to peer 0x62efaf168b60 (12 bytes)
1748844401.898759 sending message 112 to peer 0x62efaf168b60 (11 bytes)
1748844401.898765 sending message 112 to peer 0x62efaf168b60 (12 bytes)
1748844401.898772 sending message 112 to peer 0x62efaf168b60 (12 bytes)
1748844401.898778 sending message 112 to peer 0x62efaf168b60 (13 bytes)
1748844401.898784 sending message 112 to peer 0x62efaf168b60 (13 bytes)
1748844401.898791 sending message 112 to peer 0x62efaf168b60 (13 bytes)
1748844401.898797 sending message 112 to peer 0x62efaf168b60 (13 bytes)
1748844401.898803 sending message 112 to peer 0x62efaf168b60 (13 bytes)
1748844401.898810 sending message 112 to peer 0x62efaf168b60 (10 bytes)
1748844401.898816 sending message 112 to peer 0x62efaf168b60 (9 bytes)
1748844401.898823 sending message 112 to peer 0x62efaf168b60 (12 bytes)
1748844401.898829 sending message 112 to peer 0x62efaf168b60 (13 bytes)
1748844401.898835 sending message 112 to peer 0x62efaf168b60 (13 bytes)
1748844401.898842 sending message 112 to peer 0x62efaf168b60 (13 bytes)
1748844401.898848 sending message 112 to peer 0x62efaf168b60 (13 bytes)
1748844401.898855 sending message 112 to peer 0x62efaf168b60 (13 bytes)
1748844401.898861 sending message 112 to peer 0x62efaf168b60 (9 bytes)
1748844401.898928 sending message 112 to peer 0x62efaf168b60 (12 bytes)
1748844401.898935 sending message 112 to peer 0x62efaf168b60 (13 bytes)
1748844401.898942 sending message 112 to peer 0x62efaf168b60 (13 bytes)
1748844401.898948 sending message 112 to peer 0x62efaf168b60 (13 bytes)
1748844401.898955 sending message 112 to peer 0x62efaf168b60 (13 bytes)
1748844401.898961 sending message 112 to peer 0x62efaf168b60 (13 bytes)
1748844401.898967 sending message 112 to peer 0x62efaf168b60 (11 bytes)
1748844401.898974 sending message 112 to peer 0x62efaf168b60 (12 bytes)
1748844401.898980 sending message 112 to peer 0x62efaf168b60 (13 bytes)
1748844401.898986 sending message 112 to peer 0x62efaf168b60 (13 bytes)
1748844401.898993 sending message 112 to peer 0x62efaf168b60 (13 bytes)
1748844401.898999 sending message 112 to peer 0x62efaf168b60 (13 bytes)
1748844401.899006 sending message 112 to peer 0x62efaf168b60 (13 bytes)
1748844401.899012 sending message 112 to peer 0x62efaf168b60 (11 bytes)
1748844401.899019 sending message 112 to peer 0x62efaf168b60 (12 bytes)
1748844401.899025 sending message 112 to peer 0x62efaf168b60 (12 bytes)
1748844401.899032 sending message 112 to peer 0x62efaf168b60 (12 bytes)
1748844401.899038 sending message 112 to peer 0x62efaf168b60 (12 bytes)
1748844401.899045 sending message 112 to peer 0x62efaf168b60 (12 bytes)
1748844401.899051 sending message 112 to peer 0x62efaf168b60 (21 bytes)
1748844401.899058 sending message 112 to peer 0x62efaf168b60 (12 bytes)
1748844401.899065 sending message 112 to peer 0x62efaf168b60 (9 bytes)
1748844401.899071 sending message 112 to peer 0x62efaf168b60 (6 bytes)
1748844401.899078 sending message 112 to peer 0x62efaf168b60 (13 bytes)
1748844401.899084 sending message 112 to peer 0x62efaf168b60 (10 bytes)
1748844401.899091 sending message 112 to peer 0x62efaf168b60 (24 bytes)
1748844401.899097 sending message 112 to peer 0x62efaf168b60 (13 bytes)
1748844401.899104 sending message 112 to peer 0x62efaf168b60 (9 bytes)
1748844401.899110 sending message 112 to peer 0x62efaf168b60 (70 bytes)
1748844401.899117 sending message 112 to peer 0x62efaf168b60 (69 bytes)
1748844401.899124 sending message 112 to peer 0x62efaf168b60 (12 bytes)
1748844401.899130 sending message 112 to peer 0x62efaf168b60 (10 bytes)
1748844401.899137 sending message 112 to peer 0x62efaf168b60 (10 bytes)
1748844401.899143 sending message 112 to peer 0x62efaf168b60 (24 bytes)
1748844401.899150 sending message 112 to peer 0x62efaf168b60 (13 bytes)
1748844401.899157 sending message 112 to peer 0x62efaf168b60 (10 bytes)
1748844401.899164 sending message 112 to peer 0x62efaf168b60 (10 bytes)
1748844401.899170 sending message 112 to peer 0x62efaf168b60 (10 bytes)
1748844401.899177 sending message 112 to peer 0x62efaf168b60 (13 bytes)
1748844401.899212 sending message 112 to peer 0x62efaf168b60 (15 bytes)
1748844401.899223 sending message 112 to peer 0x62efaf168b60 (5 bytes)
1748844401.899233 sending message 104 to peer 0x62efaf168b60 (0 bytes)
1748844401.899242 sending message 110 to peer 0x62efaf168b60 (0 bytes)
1748844401.899251 sending message 107 to peer 0x62efaf168b60 (4 bytes)
1748844401.899258 sending message 105 to peer 0x62efaf168b60 (27 bytes)
1748844401.899265 sending message 105 to peer 0x62efaf168b60 (54 bytes)
1748844401.899272 sending message 105 to peer 0x62efaf168b60 (115 bytes)
1748844401.899279 sending message 105 to peer 0x62efaf168b60 (12 bytes)
1748844401.899285 sending message 105 to peer 0x62efaf168b60 (16 bytes)
1748844401.899292 sending message 105 to peer 0x62efaf168b60 (28 bytes)
1748844401.899299 sending message 105 to peer 0x62efaf168b60 (28 bytes)
1748844401.899306 sending message 105 to peer 0x62efaf168b60 (32 bytes)
1748844401.899312 sending message 105 to peer 0x62efaf168b60 (29 bytes)
1748844401.899319 sending message 105 to peer 0x62efaf168b60 (17 bytes)
1748844401.899325 sending message 105 to peer 0x62efaf168b60 (21 bytes)
1748844401.899332 sending message 105 to peer 0x62efaf168b60 (96 bytes)
1748844401.899339 sending message 105 to peer 0x62efaf168b60 (16 bytes)
1748844401.899354 sending message 105 to peer 0x62efaf168b60 (17 bytes)
1748844401.899360 sending message 105 to peer 0x62efaf168b60 (31 bytes)
1748844401.899367 sending message 105 to peer 0x62efaf168b60 (41 bytes)
1748844401.899374 sending message 105 to peer 0x62efaf168b60 (25 bytes)
1748844401.899381 sending message 105 to peer 0x62efaf168b60 (25 bytes)
1748844401.899387 sending message 105 to peer 0x62efaf168b60 (21 bytes)
1748844401.899394 sending message 105 to peer 0x62efaf168b60 (21 bytes)
1748844401.899400 sending message 105 to peer 0x62efaf168b60 (28 bytes)
1748844401.899406 sending message 105 to peer 0x62efaf168b60 (21 bytes)
1748844401.899413 sending message 105 to peer 0x62efaf168b60 (25 bytes)
1748844401.899419 sending message 105 to peer 0x62efaf168b60 (13 bytes)
1748844401.899426 sending message 105 to peer 0x62efaf168b60 (1817 bytes)
1748844401.899455 sending message 105 to peer 0x62efaf168b60 (32 bytes)
1748844401.899462 sending message 105 to peer 0x62efaf168b60 (11 bytes)
1748844401.899469 sending message 105 to peer 0x62efaf168b60 (302 bytes)
1748844401.899476 sending message 105 to peer 0x62efaf168b60 (13 bytes)
1748844401.899483 sending message 105 to peer 0x62efaf168b60 (34 bytes)
1748844401.899489 sending message 105 to peer 0x62efaf168b60 (86 bytes)
1748844401.899496 sending message 105 to peer 0x62efaf168b60 (19 bytes)
1748844401.899502 sending message 105 to peer 0x62efaf168b60 (8 bytes)
1748844401.899509 sending message 105 to peer 0x62efaf168b60 (35 bytes)
1748844401.899515 sending message 105 to peer 0x62efaf168b60 (52 bytes)
1748844401.899522 sending message 105 to peer 0x62efaf168b60 (19 bytes)
1748844401.899528 sending message 105 to peer 0x62efaf168b60 (20 bytes)
1748844401.899534 sending message 105 to peer 0x62efaf168b60 (18 bytes)
1748844401.899541 sending message 105 to peer 0x62efaf168b60 (25 bytes)
1748844401.899547 sending message 105 to peer 0x62efaf168b60 (16 bytes)
1748844401.899553 sending message 105 to peer 0x62efaf168b60 (37 bytes)
1748844401.899560 sending message 105 to peer 0x62efaf168b60 (14 bytes)
1748844401.899566 sending message 105 to peer 0x62efaf168b60 (51 bytes)
1748844401.899573 sending message 105 to peer 0x62efaf168b60 (10 bytes)
1748844401.899579 sending message 105 to peer 0x62efaf168b60 (12 bytes)
1748844401.899586 sending message 105 to peer 0x62efaf168b60 (31 bytes)
1748844401.899593 sending message 105 to peer 0x62efaf168b60 (23 bytes)
1748844401.899599 sending message 105 to peer 0x62efaf168b60 (20 bytes)
1748844401.899606 sending message 105 to peer 0x62efaf168b60 (21 bytes)
1748844401.899612 sending message 105 to peer 0x62efaf168b60 (16 bytes)
1748844401.899618 sending message 105 to peer 0x62efaf168b60 (12 bytes)
1748844401.899625 sending message 105 to peer 0x62efaf168b60 (104 bytes)
1748844401.899632 sending message 106 to peer 0x62efaf168b60 (0 bytes)
1748844401.899806 sending message 200 to peer 0x62efaf168b60 (4 bytes)
1748844401.899814 client loop enter
1748844401.901249 peer 0x62efaf168b60 message 303
1748844401.901274 open write file 2 -
1748844401.901299 sending message 305 to peer 0x62efaf168b60 (8 bytes)
1748844401.901322 write check file 2
1748844401.901638 peer 0x62efaf168b60 message 304
1748844401.901646 write 58 to file 2
1748844401.901655 peer 0x62efaf168b60 message 203
1748844401.901662 file 2 58 bytes left
1748844401.901699 write check file 2
1748844401.901705 client loop exit
